<?xml version="1.0" encoding="UTF-8"?>
<!-- Generated by org.testng.reporters.JUnitReportReporter -->
<testsuite hostname="DESKTOP-B747MDQ" failures="0" tests="9" name="testCases.LoginDataTest" time="0.082" errors="0" timestamp="2025-04-23T18:38:35 IST" skipped="0">
  <testcase classname="testCases.LoginDataTest" name="getLogin" time="0.003"/>
  <testcase classname="testCases.LoginDataTest" name="getLogin" time="0.004"/>
  <testcase classname="testCases.LoginDataTest" name="getLogin" time="0.012"/>
  <testcase classname="testCases.LoginDataTest" name="getLogin" time="0.015"/>
  <testcase classname="testCases.LoginDataTest" name="getLogin" time="0.025"/>
  <testcase classname="testCases.LoginDataTest" name="getLogin" time="0.003"/>
  <testcase classname="testCases.LoginDataTest" name="getLogin" time="0.005"/>
  <testcase classname="testCases.LoginDataTest" name="getLogin" time="0.010"/>
  <testcase classname="testCases.LoginDataTest" name="getLogin" time="0.005"/>
</testsuite> <!-- testCases.LoginDataTest -->
