<?xml version="1.0" encoding="UTF-8"?>
<!-- Generated by org.testng.reporters.JUnitReportReporter -->
<testsuite hostname="DESKTOP-B747MDQ" failures="0" tests="1" name="testCases.TC002_FillLoginDetailsTest" time="2.748" errors="0" timestamp="2025-04-23T18:42:47 IST" skipped="0">
  <testcase classname="testCases.TC002_FillLoginDetailsTest" name="fillLogin" time="2.748"/>
</testsuite> <!-- testCases.TC002_FillLoginDetailsTest -->
