<?xml version="1.0" encoding="UTF-8"?>
<!-- Generated by org.testng.reporters.JUnitReportReporter -->
<testsuite hostname="DESKTOP-B747MDQ" failures="0" tests="1" name="testBase.TC001_FillDetailsTest" time="4.090" errors="0" timestamp="2025-04-15T16:58:35 IST" skipped="0">
  <testcase classname="testBase.TC001_FillDetailsTest" name="fill_Details" time="4.090"/>
</testsuite> <!-- testBase.TC001_FillDetailsTest -->
