<?xml version="1.0" encoding="UTF-8"?>
<!-- Generated by org.testng.reporters.JUnitReportReporter -->
<testsuite hostname="DESKTOP-B747MDQ" failures="0" tests="1" name="testCases.TC001_AccountRegistrationTest" time="3.959" errors="0" timestamp="2025-04-23T18:42:47 IST" skipped="0">
  <testcase classname="testCases.TC001_AccountRegistrationTest" name="fill_Details" time="3.959"/>
</testsuite> <!-- testCases.TC001_AccountRegistrationTest -->
