<?xml version="1.0" encoding="UTF-8"?>
<!-- Generated by org.testng.reporters.JUnitReportReporter -->
<testsuite hostname="DESKTOP-B747MDQ" failures="0" tests="1" name="testCases.TC001_FillDetailsTest" time="3.627" errors="0" timestamp="2025-04-17T17:54:44 IST" skipped="0">
  <testcase classname="testCases.TC001_FillDetailsTest" name="fill_Details" time="3.627"/>
</testsuite> <!-- testCases.TC001_FillDetailsTest -->
